-------------------------------------------------------------------------------
Test set: sootup.java.bytecode.inputlocation.PathBasedAnalysisInputLocationTest
-------------------------------------------------------------------------------
Tests run: 8, Failures: 0, Errors: 1, Skipped: 0, Time elapsed: 10.865 s <<< FAILURE! - in sootup.java.bytecode.inputlocation.PathBasedAnalysisInputLocationTest
testClassInWar(sootup.java.bytecode.inputlocation.PathBasedAnalysisInputLocationTest)  Time elapsed: 0.05 s  <<< ERROR!
java.lang.RuntimeException: Can't extract File "/var/folders/3v/4yfhgt1s3rlgrgl_fs6f0_d80000gn/T/sootOutput-war-935995804/META-INF/MANIFEST.MF" as it already exists and has a different content which we can't override.
	at sootup.java.bytecode.inputlocation.PathBasedAnalysisInputLocation$WarArchiveAnalysisInputLocation.extractWarFile(PathBasedAnalysisInputLocation.java:687)
	at sootup.java.bytecode.inputlocation.PathBasedAnalysisInputLocation$WarArchiveAnalysisInputLocation.<init>(PathBasedAnalysisInputLocation.java:580)
	at sootup.java.bytecode.inputlocation.PathBasedAnalysisInputLocation$WarArchiveAnalysisInputLocation.<init>(PathBasedAnalysisInputLocation.java:564)
	at sootup.java.bytecode.inputlocation.PathBasedAnalysisInputLocation.create(PathBasedAnalysisInputLocation.java:103)
	at sootup.java.bytecode.inputlocation.JavaClassPathAnalysisInputLocation.inputLocationForPath(JavaClassPathAnalysisInputLocation.java:207)
	at sootup.java.bytecode.inputlocation.JavaClassPathAnalysisInputLocation.lambda$explodeClassPath$1(JavaClassPathAnalysisInputLocation.java:235)
	at java.util.stream.ReferencePipeline$7$1.accept(ReferencePipeline.java:267)
	at java.util.stream.DistinctOps$1$2.accept(DistinctOps.java:175)
	at java.util.stream.ReferencePipeline$3$1.accept(ReferencePipeline.java:193)
	at java.util.stream.Streams$StreamBuilderImpl.forEachRemaining(Streams.java:419)
	at java.util.stream.ReferencePipeline$Head.forEach(ReferencePipeline.java:580)
	at java.util.stream.ReferencePipeline$7$1.accept(ReferencePipeline.java:270)
	at java.util.Spliterators$ArraySpliterator.forEachRemaining(Spliterators.java:948)
	at java.util.stream.AbstractPipeline.copyInto(AbstractPipeline.java:482)
	at java.util.stream.AbstractPipeline.wrapAndCopyInto(AbstractPipeline.java:472)
	at java.util.stream.ReduceOps$ReduceOp.evaluateSequential(ReduceOps.java:708)
	at java.util.stream.AbstractPipeline.evaluate(AbstractPipeline.java:234)
	at java.util.stream.ReferencePipeline.collect(ReferencePipeline.java:499)
	at sootup.java.bytecode.inputlocation.JavaClassPathAnalysisInputLocation.explodeClassPath(JavaClassPathAnalysisInputLocation.java:236)
	at sootup.java.bytecode.inputlocation.JavaClassPathAnalysisInputLocation.explodeClassPath(JavaClassPathAnalysisInputLocation.java:221)
	at sootup.java.bytecode.inputlocation.JavaClassPathAnalysisInputLocation.<init>(JavaClassPathAnalysisInputLocation.java:74)
	at sootup.java.bytecode.inputlocation.PathBasedAnalysisInputLocationTest.testClassInWar(PathBasedAnalysisInputLocationTest.java:308)
	at sun.reflect.NativeMethodAccessorImpl.invoke0(Native Method)
	at sun.reflect.NativeMethodAccessorImpl.invoke(NativeMethodAccessorImpl.java:62)
	at sun.reflect.DelegatingMethodAccessorImpl.invoke(DelegatingMethodAccessorImpl.java:43)
	at java.lang.reflect.Method.invoke(Method.java:498)
	at org.junit.runners.model.FrameworkMethod$1.runReflectiveCall(FrameworkMethod.java:59)
	at org.junit.internal.runners.model.ReflectiveCallable.run(ReflectiveCallable.java:12)
	at org.junit.runners.model.FrameworkMethod.invokeExplosively(FrameworkMethod.java:56)
	at org.junit.internal.runners.statements.InvokeMethod.evaluate(InvokeMethod.java:17)
	at org.junit.runners.ParentRunner$3.evaluate(ParentRunner.java:306)
	at org.junit.runners.BlockJUnit4ClassRunner$1.evaluate(BlockJUnit4ClassRunner.java:100)
	at org.junit.runners.ParentRunner.runLeaf(ParentRunner.java:366)
	at org.junit.runners.BlockJUnit4ClassRunner.runChild(BlockJUnit4ClassRunner.java:103)
	at org.junit.runners.BlockJUnit4ClassRunner.runChild(BlockJUnit4ClassRunner.java:63)
	at org.junit.runners.ParentRunner$4.run(ParentRunner.java:331)
	at org.junit.runners.ParentRunner$1.schedule(ParentRunner.java:79)
	at org.junit.runners.ParentRunner.runChildren(ParentRunner.java:329)
	at org.junit.runners.ParentRunner.access$100(ParentRunner.java:66)
	at org.junit.runners.ParentRunner$2.evaluate(ParentRunner.java:293)
	at org.junit.runners.ParentRunner$3.evaluate(ParentRunner.java:306)
	at org.junit.runners.ParentRunner.run(ParentRunner.java:413)
	at org.junit.runners.Suite.runChild(Suite.java:128)
	at org.junit.runners.Suite.runChild(Suite.java:27)
	at org.junit.runners.ParentRunner$4.run(ParentRunner.java:331)
	at org.junit.runners.ParentRunner$1.schedule(ParentRunner.java:79)
	at org.junit.runners.ParentRunner.runChildren(ParentRunner.java:329)
	at org.junit.runners.ParentRunner.access$100(ParentRunner.java:66)
	at org.junit.runners.ParentRunner$2.evaluate(ParentRunner.java:293)
	at org.junit.runners.ParentRunner$3.evaluate(ParentRunner.java:306)
	at org.junit.runners.ParentRunner.run(ParentRunner.java:413)
	at org.apache.maven.surefire.junitcore.JUnitCore.run(JUnitCore.java:55)
	at org.apache.maven.surefire.junitcore.JUnitCoreWrapper.createRequestAndRun(JUnitCoreWrapper.java:137)
	at org.apache.maven.surefire.junitcore.JUnitCoreWrapper.executeEager(JUnitCoreWrapper.java:107)
	at org.apache.maven.surefire.junitcore.JUnitCoreWrapper.execute(JUnitCoreWrapper.java:83)
	at org.apache.maven.surefire.junitcore.JUnitCoreWrapper.execute(JUnitCoreWrapper.java:75)
	at org.apache.maven.surefire.junitcore.JUnitCoreProvider.invoke(JUnitCoreProvider.java:158)
	at org.apache.maven.surefire.booter.ForkedBooter.invokeProviderInSameClassLoader(ForkedBooter.java:384)
	at org.apache.maven.surefire.booter.ForkedBooter.runSuitesInProcess(ForkedBooter.java:345)
	at org.apache.maven.surefire.booter.ForkedBooter.execute(ForkedBooter.java:126)
	at org.apache.maven.surefire.booter.ForkedBooter.main(ForkedBooter.java:418)

